2024-12-13 15:45:48-0700: Running with following config:
allowResignation = true
assumeMultipleStartingBlackMovesAreHandicap = true
conservativePass = true
enablePassingHacks = true
lagBuffer = 0.1
logAllGTPCommunication = true
logDir = gtp_logs
logSearchInfo = true
logSearchInfoForChosenMove = false
logToStderr = false
maxPlayouts = 2
maxTime = 2
maxTimePondering = 60.0
maxVisits = 2
numSearchThreads = 4
ponderingEnabled = false
preventCleanupPhase = false
resignConsecTurns = 10
resignThreshold = -0.90
rules = tromp-taylor
searchFactorAfterOnePass = 0.50
searchFactorAfterTwoPass = 0.25
searchFactorWhenWinning = 0.40
searchFactorWhenWinningThreshold = 0.95

2024-12-13 15:45:48-0700: GTP Engine starting...
2024-12-13 15:45:48-0700: KataGo v1.14.1
2024-12-13 15:45:48-0700: Using TrompTaylor rules initially, unless GTP/GUI overrides this
2024-12-13 15:45:48-0700: Using 4 CPU thread(s) for search
2024-12-13 15:45:48-0700: nnRandSeed0 = 10481173796348021177
2024-12-13 15:45:48-0700: After dedups: nnModelFile0 = ./baduk_AI/m8.gz useFP16 auto useNHWC auto
2024-12-13 15:45:48-0700: Initializing neural net buffer to be size 19 * 19 exactly
2024-12-13 15:45:49-0700: Found OpenCL Platform 0: NVIDIA CUDA (NVIDIA Corporation) (OpenCL 3.0 CUDA 12.7.33)
2024-12-13 15:45:49-0700: Found 1 device(s) on platform 0 with type CPU or GPU or Accelerator
2024-12-13 15:45:49-0700: Found OpenCL Device 0: NVIDIA GeForce GTX 1080 (NVIDIA Corporation) (score 11000300)
2024-12-13 15:45:49-0700: Creating context for OpenCL Platform: NVIDIA CUDA (NVIDIA Corporation) (OpenCL 3.0 CUDA 12.7.33)
2024-12-13 15:45:49-0700: Using OpenCL Device 0: NVIDIA GeForce GTX 1080 (NVIDIA Corporation) OpenCL 3.0 CUDA (Extensions: cl_khr_global_int32_base_atomics cl_khr_global_int32_extended_atomics cl_khr_local_int32_base_atomics cl_khr_local_int32_extended_atomics cl_khr_fp64 cl_khr_3d_image_writes cl_khr_byte_addressable_store cl_khr_icd cl_khr_gl_sharing cl_nv_compiler_options cl_nv_device_attribute_query cl_nv_pragma_unroll cl_nv_d3d10_sharing cl_khr_d3d10_sharing cl_nv_d3d11_sharing cl_nv_copy_opts cl_nv_create_buffer cl_khr_int64_base_atomics cl_khr_int64_extended_atomics cl_khr_device_uuid cl_khr_pci_bus_info cl_khr_external_semaphore cl_khr_external_memory cl_khr_external_semaphore_win32 cl_khr_external_memory_win32 cl_khr_semaphore)
2024-12-13 15:45:49-0700: Loaded tuning parameters from: C:\Users\caref\Documents\GitHub\GO-AI-backend\baduk_AI\katago/KataGoData/opencltuning/tune11_gpuNVIDIAGeForceGTX1080_x19_y19_c96_mv8.txt
2024-12-13 15:45:50-0700: OpenCL backend thread 0: Model version 8
2024-12-13 15:45:50-0700: OpenCL backend thread 0: Model name: b6c96-s8982784-d2082583
2024-12-13 15:45:50-0700: OpenCL backend thread 0: FP16Storage false FP16Compute false FP16TensorCores false FP16TensorCoresFor1x1 false
2024-12-13 15:45:50-0700: Loaded neural net with nnXLen 19 nnYLen 19
2024-12-13 15:45:50-0700: Initializing board with boardXSize 19 boardYSize 19
2024-12-13 15:45:50-0700: Loaded config ./baduk_AI/weak_config.cfg
2024-12-13 15:45:50-0700: Loaded model ./baduk_AI/m8.gz
2024-12-13 15:45:50-0700: Model name: b6c96-s8982784-d2082583
2024-12-13 15:45:50-0700: GTP ready, beginning main protocol loop
